<?xml version="1.0" encoding="UTF-8"?>
<testsuite xmlns:xsi="http://www.w3.org/2001/XMLSchema-instance" xsi:noNamespaceSchemaLocation="https://maven.apache.org/surefire/maven-surefire-plugin/xsd/surefire-test-report-3.0.xsd" version="3.0" name="coen448.computablefuture.test.AsyncProcessorTest" time="0.917" tests="28" errors="0" skipped="0" failures="0">
  <properties>
[...]
</properties>
  <testcase name="testProcessAsyncSuccess" classname="coen448.computablefuture.test.AsyncProcessorTest" time="0.21"/>
  <testcase name="testProcessAsyncSuccess" classname="coen448.computablefuture.test.AsyncProcessorTest" time="0.002"/>
  <testcase name="testProcessAsyncSuccess" classname="coen448.computablefuture.test.AsyncProcessorTest" time="0.001"/>
  <testcase name="testProcessAsyncSuccess" classname="coen448.computablefuture.test.AsyncProcessorTest" time="0.001"/>
  <testcase name="testProcessAsyncSuccess" classname="coen448.computablefuture.test.AsyncProcessorTest" time="0.005"/>
  <testcase name="testProcessAsync_withDifferentMessages(String, String)[1]" classname="coen448.computablefuture.test.AsyncProcessorTest" time="0.022"/>
  <testcase name="testProcessAsync_withDifferentMessages(String, String)[2]" classname="coen448.computablefuture.test.AsyncProcessorTest" time="0.027"/>
  <testcase name="testProcessAsync_withDifferentMessages(String, String)[3]" classname="coen448.computablefuture.test.AsyncProcessorTest" time="0.017"/>
  <testcase name="showNondeterminism_completionOrderVaries" classname="coen448.computablefuture.test.AsyncProcessorTest" time="0.031">
    <system-out><![CDATA[[C:MSG, A:MSG, B:MSG]
]]></system-out>
  </testcase>
  <testcase name="showNondeterminism_completionOrderVaries" classname="coen448.computablefuture.test.AsyncProcessorTest" time="0.031">
    <system-out><![CDATA[[A:MSG, B:MSG, C:MSG]
]]></system-out>
  </testcase>
  <testcase name="showNondeterminism_completionOrderVaries" classname="coen448.computablefuture.test.AsyncProcessorTest" time="0.029">
    <system-out><![CDATA[[C:MSG, A:MSG, B:MSG]
]]></system-out>
  </testcase>
  <testcase name="showNondeterminism_completionOrderVaries" classname="coen448.computablefuture.test.AsyncProcessorTest" time="0.023">
    <system-out><![CDATA[[C:MSG, B:MSG, A:MSG]
]]></system-out>
  </testcase>
  <testcase name="showNondeterminism_completionOrderVaries" classname="coen448.computablefuture.test.AsyncProcessorTest" time="0.036">
    <system-out><![CDATA[[B:MSG, C:MSG, A:MSG]
]]></system-out>
  </testcase>
  <testcase name="showNondeterminism_completionOrderVaries" classname="coen448.computablefuture.test.AsyncProcessorTest" time="0.035">
    <system-out><![CDATA[[C:MSG, A:MSG, B:MSG]
]]></system-out>
  </testcase>
  <testcase name="showNondeterminism_completionOrderVaries" classname="coen448.computablefuture.test.AsyncProcessorTest" time="0.023">
    <system-out><![CDATA[[A:MSG, C:MSG, B:MSG]
]]></system-out>
  </testcase>
  <testcase name="showNondeterminism_completionOrderVaries" classname="coen448.computablefuture.test.AsyncProcessorTest" time="0.031">
    <system-out><![CDATA[[C:MSG, A:MSG, B:MSG]
]]></system-out>
  </testcase>
  <testcase name="showNondeterminism_completionOrderVaries" classname="coen448.computablefuture.test.AsyncProcessorTest" time="0.035">
    <system-out><![CDATA[[A:MSG, C:MSG, B:MSG]
]]></system-out>
  </testcase>
  <testcase name="showNondeterminism_completionOrderVaries" classname="coen448.computablefuture.test.AsyncProcessorTest" time="0.032">
    <system-out><![CDATA[[B:MSG, C:MSG, A:MSG]
]]></system-out>
  </testcase>
  <testcase name="showNondeterminism_completionOrderVaries" classname="coen448.computablefuture.test.AsyncProcessorTest" time="0.034">
    <system-out><![CDATA[[A:MSG, B:MSG, C:MSG]
]]></system-out>
  </testcase>
  <testcase name="showNondeterminism_completionOrderVaries" classname="coen448.computablefuture.test.AsyncProcessorTest" time="0.018">
    <system-out><![CDATA[[C:MSG, B:MSG, A:MSG]
]]></system-out>
  </testcase>
  <testcase name="showNondeterminism_completionOrderVaries" classname="coen448.computablefuture.test.AsyncProcessorTest" time="0.031">
    <system-out><![CDATA[[C:MSG, B:MSG, A:MSG]
]]></system-out>
  </testcase>
  <testcase name="showNondeterminism_completionOrderVaries" classname="coen448.computablefuture.test.AsyncProcessorTest" time="0.029">
    <system-out><![CDATA[[A:MSG, B:MSG, C:MSG]
]]></system-out>
  </testcase>
  <testcase name="showNondeterminism_completionOrderVaries" classname="coen448.computablefuture.test.AsyncProcessorTest" time="0.035">
    <system-out><![CDATA[[B:MSG, A:MSG, C:MSG]
]]></system-out>
  </testcase>
  <testcase name="showNondeterminism_completionOrderVaries" classname="coen448.computablefuture.test.AsyncProcessorTest" time="0.003">
    <system-out><![CDATA[[A:MSG, B:MSG, C:MSG]
]]></system-out>
  </testcase>
  <testcase name="showNondeterminism_completionOrderVaries" classname="coen448.computablefuture.test.AsyncProcessorTest" time="0.031">
    <system-out><![CDATA[[B:MSG, A:MSG, C:MSG]
]]></system-out>
  </testcase>
  <testcase name="showNondeterminism_completionOrderVaries" classname="coen448.computablefuture.test.AsyncProcessorTest" time="0.031">
    <system-out><![CDATA[[B:MSG, C:MSG, A:MSG]
]]></system-out>
  </testcase>
  <testcase name="showNondeterminism_completionOrderVaries" classname="coen448.computablefuture.test.AsyncProcessorTest" time="0.027">
    <system-out><![CDATA[[A:MSG, C:MSG, B:MSG]
]]></system-out>
  </testcase>
  <testcase name="showNondeterminism_completionOrderVaries" classname="coen448.computablefuture.test.AsyncProcessorTest" time="0.036">
    <system-out><![CDATA[[B:MSG, A:MSG, C:MSG]
]]></system-out>
  </testcase>
</testsuite>